<?xml version="1.0" encoding="UTF-8"?>
<testsuites>
    <testsuite name="force.apex" timestamp="2024-12-02T11:49:59.000Z" hostname="https://page-drive-3090--developer1.sandbox.my.salesforce.com" tests="1" failures="0"  errors="0"  time="0.01">
        <properties>
            <property name="outcome" value="Successful"/>
            <property name="testsRan" value="1"/>
            <property name="passing" value="1"/>
            <property name="failing" value="0"/>
            <property name="skipped" value="0"/>
            <property name="passRate" value="100%"/>
            <property name="failRate" value="0%"/>
            <property name="testStartTime" value="Mon Dec 02 2024 5:19:59 pm"/>
            <property name="testSetupTimeInMs" value="0"/>
            <property name="testExecutionTime" value="0.01 s"/>
            <property name="testTotalTime" value="0.01 s"/>
            <property name="commandTime" value="0.36 s"/>
            <property name="hostname" value="https://page-drive-3090--developer1.sandbox.my.salesforce.com"/>
            <property name="orgId" value="00DF700000021MVMAY"/>
            <property name="username" value="narendra.udemalla-gbz5@force.com.developer1"/>
            <property name="testRunId" value="707F7000038cUeD"/>
            <property name="userId" value="005IS000001hg16YAA"/>
            <property name="coveredLines" value="7"/>
            <property name="testRunCoverage" value="100%"/>
            <property name="orgWideCoverage" value="100%"/>
        </properties>
        <testcase name="testConstructorAndMethod" classname="SimpleClassTest" time="0.01">
        </testcase>
    </testsuite>
</testsuites>
